[debug] [2023-05-27T11:13:16.368Z] ----------------------------------------------------------------------
[debug] [2023-05-27T11:13:16.370Z] Command:       C:\Program Files\nodejs\node.exe C:\Users\NITRO 5\AppData\Roaming\npm\node_modules\firebase-tools\lib\bin\firebase.js init hosting
[debug] [2023-05-27T11:13:16.371Z] CLI Version:   12.2.1
[debug] [2023-05-27T11:13:16.371Z] Platform:      win32
[debug] [2023-05-27T11:13:16.371Z] Node Version:  v16.14.0
[debug] [2023-05-27T11:13:16.372Z] Time:          Sat May 27 2023 18:13:16 GMT+0700 (Western Indonesia Time)
[debug] [2023-05-27T11:13:16.373Z] ----------------------------------------------------------------------
[debug] 
[debug] [2023-05-27T11:13:16.380Z] > command requires scopes: ["email","openid","https://www.googleapis.com/auth/cloudplatformprojects.readonly","https://www.googleapis.com/auth/firebase","https://www.googleapis.com/auth/cloud-platform"]
[debug] [2023-05-27T11:13:16.381Z] > authorizing via signed-in user (kevin.nainggolan31@gmail.com)
[info] 
     ######## #### ########  ######## ########     ###     ######  ########
     ##        ##  ##     ## ##       ##     ##  ##   ##  ##       ##
     ######    ##  ########  ######   ########  #########  ######  ######
     ##        ##  ##    ##  ##       ##     ## ##     ##       ## ##
     ##       #### ##     ## ######## ########  ##     ##  ######  ########

You're about to initialize a Firebase project in this directory:

  C:\laragon\www\ddc-user

Before we get started, keep in mind:

  * You are currently outside your home directory

[debug] [2023-05-27T11:17:08.269Z] ----------------------------------------------------------------------
[debug] [2023-05-27T11:17:08.271Z] Command:       C:\Program Files\nodejs\node.exe C:\Users\NITRO 5\AppData\Roaming\npm\node_modules\firebase-tools\lib\bin\firebase.js init hosting
[debug] [2023-05-27T11:17:08.272Z] CLI Version:   12.2.1
[debug] [2023-05-27T11:17:08.272Z] Platform:      win32
[debug] [2023-05-27T11:17:08.272Z] Node Version:  v16.14.0
[debug] [2023-05-27T11:17:08.273Z] Time:          Sat May 27 2023 18:17:08 GMT+0700 (Western Indonesia Time)
[debug] [2023-05-27T11:17:08.273Z] ----------------------------------------------------------------------
[debug] 
[debug] [2023-05-27T11:17:08.280Z] > command requires scopes: ["email","openid","https://www.googleapis.com/auth/cloudplatformprojects.readonly","https://www.googleapis.com/auth/firebase","https://www.googleapis.com/auth/cloud-platform"]
[debug] [2023-05-27T11:17:08.280Z] > authorizing via signed-in user (kevin.nainggolan31@gmail.com)
[info] 
     ######## #### ########  ######## ########     ###     ######  ########
     ##        ##  ##     ## ##       ##     ##  ##   ##  ##       ##
     ######    ##  ########  ######   ########  #########  ######  ######
     ##        ##  ##    ##  ##       ##     ## ##     ##       ## ##
     ##       #### ##     ## ######## ########  ##     ##  ######  ########

You're about to initialize a Firebase project in this directory:

  C:\laragon\www\ddc-user

Before we get started, keep in mind:

  * You are currently outside your home directory

[info] 
=== Project Setup
[info] 
[info] First, let's associate this project directory with a Firebase project.
[info] You can create multiple project aliases by running firebase use --add, 
[info] but for now we'll just set up a default project.
[info] 
[debug] [2023-05-27T11:17:12.878Z] >>> [apiv2][query] GET https://firebase.googleapis.com/v1beta1/projects pageSize=100
[debug] [2023-05-27T11:17:13.524Z] <<< [apiv2][status] GET https://firebase.googleapis.com/v1beta1/projects 200
[debug] [2023-05-27T11:17:13.525Z] <<< [apiv2][body] GET https://firebase.googleapis.com/v1beta1/projects [omitted]
[debug] [2023-05-27T11:20:10.425Z] ----------------------------------------------------------------------
[debug] [2023-05-27T11:20:10.427Z] Command:       C:\Program Files\nodejs\node.exe C:\Users\NITRO 5\AppData\Roaming\npm\node_modules\firebase-tools\lib\bin\firebase.js init hosting
[debug] [2023-05-27T11:20:10.427Z] CLI Version:   12.2.1
[debug] [2023-05-27T11:20:10.427Z] Platform:      win32
[debug] [2023-05-27T11:20:10.427Z] Node Version:  v16.14.0
[debug] [2023-05-27T11:20:10.428Z] Time:          Sat May 27 2023 18:20:10 GMT+0700 (Western Indonesia Time)
[debug] [2023-05-27T11:20:10.428Z] ----------------------------------------------------------------------
[debug] 
[debug] [2023-05-27T11:20:10.435Z] > command requires scopes: ["email","openid","https://www.googleapis.com/auth/cloudplatformprojects.readonly","https://www.googleapis.com/auth/firebase","https://www.googleapis.com/auth/cloud-platform"]
[debug] [2023-05-27T11:20:10.435Z] > authorizing via signed-in user (kevin.nainggolan31@gmail.com)
[info] 
     ######## #### ########  ######## ########     ###     ######  ########
     ##        ##  ##     ## ##       ##     ##  ##   ##  ##       ##
     ######    ##  ########  ######   ########  #########  ######  ######
     ##        ##  ##    ##  ##       ##     ## ##     ##       ## ##
     ##       #### ##     ## ######## ########  ##     ##  ######  ########

You're about to initialize a Firebase project in this directory:

  C:\laragon\www\ddc-user

Before we get started, keep in mind:

  * You are currently outside your home directory

[info] 
=== Project Setup
[info] 
[info] First, let's associate this project directory with a Firebase project.
[info] You can create multiple project aliases by running firebase use --add, 
[info] but for now we'll just set up a default project.
[info] 
[debug] [2023-05-27T11:20:17.579Z] >>> [apiv2][query] GET https://firebase.googleapis.com/v1beta1/projects pageSize=100
[debug] [2023-05-27T11:20:18.257Z] <<< [apiv2][status] GET https://firebase.googleapis.com/v1beta1/projects 200
[debug] [2023-05-27T11:20:18.258Z] <<< [apiv2][body] GET https://firebase.googleapis.com/v1beta1/projects [omitted]
